<?xml version="1.0" encoding="UTF-8"?>
<testsuite xmlns:xsi="http://www.w3.org/2001/XMLSchema-instance" xsi:noNamespaceSchemaLocation="https://maven.apache.org/surefire/maven-surefire-plugin/xsd/surefire-test-report-3.0.xsd" version="3.0" name="com.devsecops.app.AppApplicationTests" time="5.534" tests="1" errors="0" skipped="0" failures="0">
  <properties>
[...]
</properties>
  <testcase name="contextLoads" classname="com.devsecops.app.AppApplicationTests" time="1.333">
    <system-out><![CDATA[18:05:18.126 [main] INFO org.springframework.test.context.support.AnnotationConfigContextLoaderUtils -- Could not detect default configuration classes for test class [com.devsecops.app.AppApplicationTests]: AppApplicationTests does not declare any static, non-private, non-final, nested classes annotated with @Configuration.
18:05:18.316 [main] INFO org.springframework.boot.test.context.SpringBootTestContextBootstrapper -- Found @SpringBootConfiguration com.devsecops.app.AppApplication for test class com.devsecops.app.AppApplicationTests

  .   ____          _            __ _ _
 /\\ / ___'_ __ _ _(_)_ __  __ _ \ \ \ \
( ( )\___ | '_ | '_| | '_ \/ _` | \ \ \ \
 \\/  ___)| |_)| | | | | || (_| |  ) ) ) )
  '  |____| .__|_| |_|_| |_\__, | / / / /
 =========|_|==============|___/=/_/_/_/

 :: Spring Boot ::                (v3.3.5)

2024-12-09T18:05:19.080-03:00  INFO 17808 --- [app] [           main] com.devsecops.app.AppApplicationTests    : Starting AppApplicationTests using Java 17.0.6 with PID 17808 (started by nicol in D:\UNI\2024-2\DevSecOps\pep2\PEP2_DevSecOps\PEP2_DevSecOps)
2024-12-09T18:05:19.082-03:00  INFO 17808 --- [app] [           main] com.devsecops.app.AppApplicationTests    : No active profile set, falling back to 1 default profile: "default"
2024-12-09T18:05:21.087-03:00  INFO 17808 --- [app] [           main] r$InitializeUserDetailsManagerConfigurer : Global AuthenticationManager configured with UserDetailsService bean with name users
SecurityFilterChain configured with /logout endpoint
2024-12-09T18:05:21.477-03:00 DEBUG 17808 --- [app] [           main] o.s.s.web.DefaultSecurityFilterChain     : Will secure any request with filters: DisableEncodeUrlFilter, WebAsyncManagerIntegrationFilter, SecurityContextHolderFilter, HeaderWriterFilter, CsrfFilter, LogoutFilter, UsernamePasswordAuthenticationFilter, RequestCacheAwareFilter, SecurityContextHolderAwareRequestFilter, AnonymousAuthenticationFilter, ExceptionTranslationFilter, AuthorizationFilter
2024-12-09T18:05:21.953-03:00  INFO 17808 --- [app] [           main] com.devsecops.app.AppApplicationTests    : Started AppApplicationTests in 3.309 seconds (process running for 5.432)
]]></system-out>
  </testcase>
</testsuite>